
2025/02/10 (20:05:58) | ===> btop++ v.1.4.0
2025/02/10 (20:05:58) | ERROR: Couldn't determine terminal size of "STDOUT_FILENO"!
2025/02/10 (20:05:58) | ERROR: Couldn't determine terminal size of "/dev/tty"!
2025/02/10 (20:05:58) | ERROR: Couldn't determine terminal size of "STDOUT_FILENO"!
2025/02/10 (20:05:58) | ERROR: Couldn't determine terminal size of "/dev/tty"!
2025/02/10 (20:05:58) | ERROR: Couldn't determine terminal size of "STDOUT_FILENO"!
2025/02/10 (20:05:58) | ERROR: Couldn't determine terminal size of "/dev/tty"!
2025/02/10 (20:05:58) | ERROR: Couldn't determine terminal size of "STDOUT_FILENO"!
2025/02/10 (20:05:58) | ERROR: Couldn't determine terminal size of "/dev/tty"!
2025/02/10 (20:05:58) | ERROR: Couldn't determine terminal size of "STDOUT_FILENO"!
2025/02/10 (20:05:58) | ERROR: Couldn't determine terminal size of "/dev/tty"!
2025/02/10 (20:05:58) | ERROR: Couldn't determine terminal size of "STDOUT_FILENO"!
2025/02/10 (20:05:58) | ERROR: Couldn't determine terminal size of "/dev/tty"!
2025/02/10 (20:05:58) | ERROR: Couldn't determine terminal size of "STDOUT_FILENO"!
2025/02/10 (20:05:58) | ERROR: Couldn't determine terminal size of "/dev/tty"!
2025/02/10 (20:05:58) | ERROR: Couldn't determine terminal size of "STDOUT_FILENO"!
2025/02/10 (20:05:58) | ERROR: Couldn't determine terminal size of "/dev/tty"!
2025/02/10 (20:05:58) | ERROR: Couldn't determine terminal size of "STDOUT_FILENO"!
2025/02/10 (20:05:58) | ERROR: Couldn't determine terminal size of "/dev/tty"!
2025/02/10 (20:05:58) | ERROR: Couldn't determine terminal size of "STDOUT_FILENO"!
2025/02/10 (20:05:58) | ERROR: Couldn't determine terminal size of "/dev/tty"!
2025/02/10 (20:05:58) | ERROR: Couldn't determine terminal size of "STDOUT_FILENO"!
2025/02/10 (20:05:58) | ERROR: Couldn't determine terminal size of "/dev/tty"!
2025/02/10 (20:05:58) | ERROR: Couldn't determine terminal size of "STDOUT_FILENO"!
2025/02/10 (20:05:58) | ERROR: Couldn't determine terminal size of "/dev/tty"!
2025/02/10 (20:05:58) | ERROR: Couldn't determine terminal size of "STDOUT_FILENO"!
2025/02/10 (20:05:58) | ERROR: Couldn't determine terminal size of "/dev/tty"!
2025/02/10 (20:05:58) | ERROR: Couldn't determine terminal size of "STDOUT_FILENO"!
2025/02/10 (20:05:58) | ERROR: Couldn't determine terminal size of "/dev/tty"!
2025/02/10 (20:05:58) | ERROR: Couldn't determine terminal size of "STDOUT_FILENO"!
2025/02/10 (20:05:58) | ERROR: Couldn't determine terminal size of "/dev/tty"!
2025/02/10 (20:05:58) | ERROR: Couldn't determine terminal size of "STDOUT_FILENO"!
2025/02/10 (20:05:58) | ERROR: Couldn't determine terminal size of "/dev/tty"!
2025/02/10 (20:05:58) | ERROR: Couldn't determine terminal size of "STDOUT_FILENO"!
2025/02/10 (20:05:58) | ERROR: Couldn't determine terminal size of "/dev/tty"!
2025/02/10 (20:05:58) | ERROR: Couldn't determine terminal size of "STDOUT_FILENO"!
2025/02/10 (20:05:58) | ERROR: Couldn't determine terminal size of "/dev/tty"!
2025/02/10 (20:05:58) | ERROR: Couldn't determine terminal size of "STDOUT_FILENO"!
2025/02/10 (20:05:58) | ERROR: Couldn't determine terminal size of "/dev/tty"!
2025/02/10 (20:05:58) | ERROR: Couldn't determine terminal size of "STDOUT_FILENO"!
2025/02/10 (20:05:58) | ERROR: Couldn't determine terminal size of "/dev/tty"!
2025/02/10 (20:05:59) | ERROR: Couldn't determine terminal size of "STDOUT_FILENO"!
2025/02/10 (20:05:59) | ERROR: Couldn't determine terminal size of "/dev/tty"!
2025/02/10 (20:05:59) | ERROR: Couldn't determine terminal size of "STDOUT_FILENO"!
2025/02/10 (20:05:59) | ERROR: Couldn't determine terminal size of "/dev/tty"!
2025/02/10 (20:05:59) | ERROR: Couldn't determine terminal size of "STDOUT_FILENO"!
2025/02/10 (20:05:59) | ERROR: Couldn't determine terminal size of "/dev/tty"!
2025/02/10 (20:05:59) | ERROR: Couldn't determine terminal size of "STDOUT_FILENO"!
2025/02/10 (20:05:59) | ERROR: Couldn't determine terminal size of "/dev/tty"!
2025/02/10 (20:05:59) | ERROR: Couldn't determine terminal size of "STDOUT_FILENO"!
2025/02/10 (20:05:59) | ERROR: Couldn't determine terminal size of "/dev/tty"!
2025/02/10 (20:05:59) | ERROR: Couldn't determine terminal size of "STDOUT_FILENO"!
2025/02/10 (20:05:59) | ERROR: Couldn't determine terminal size of "/dev/tty"!
2025/02/10 (20:05:59) | ERROR: Couldn't determine terminal size of "STDOUT_FILENO"!
2025/02/10 (20:05:59) | ERROR: Couldn't determine terminal size of "/dev/tty"!
2025/02/10 (20:05:59) | ERROR: Couldn't determine terminal size of "STDOUT_FILENO"!
2025/02/10 (20:05:59) | ERROR: Couldn't determine terminal size of "/dev/tty"!
2025/02/10 (20:05:59) | ERROR: Couldn't determine terminal size of "STDOUT_FILENO"!
2025/02/10 (20:05:59) | ERROR: Couldn't determine terminal size of "/dev/tty"!
2025/02/10 (20:05:59) | ERROR: Couldn't determine terminal size of "STDOUT_FILENO"!
2025/02/10 (20:05:59) | ERROR: Couldn't determine terminal size of "/dev/tty"!
2025/02/10 (20:05:59) | ERROR: Couldn't determine terminal size of "STDOUT_FILENO"!
2025/02/10 (20:05:59) | ERROR: Couldn't determine terminal size of "/dev/tty"!
2025/02/10 (20:05:59) | ERROR: Couldn't determine terminal size of "STDOUT_FILENO"!
2025/02/10 (20:05:59) | ERROR: Couldn't determine terminal size of "/dev/tty"!
2025/02/10 (20:05:59) | ERROR: Couldn't determine terminal size of "STDOUT_FILENO"!
2025/02/10 (20:05:59) | ERROR: Couldn't determine terminal size of "/dev/tty"!
2025/02/10 (20:05:59) | ERROR: Couldn't determine terminal size of "STDOUT_FILENO"!
2025/02/10 (20:05:59) | ERROR: Couldn't determine terminal size of "/dev/tty"!
2025/02/10 (20:05:59) | ERROR: Couldn't determine terminal size of "STDOUT_FILENO"!
2025/02/10 (20:05:59) | ERROR: Couldn't determine terminal size of "/dev/tty"!
2025/02/10 (20:05:59) | ERROR: Couldn't determine terminal size of "STDOUT_FILENO"!
2025/02/10 (20:05:59) | ERROR: Couldn't determine terminal size of "/dev/tty"!
2025/02/10 (20:05:59) | ERROR: Couldn't determine terminal size of "STDOUT_FILENO"!
2025/02/10 (20:05:59) | ERROR: Couldn't determine terminal size of "/dev/tty"!
2025/02/10 (20:05:59) | ERROR: Couldn't determine terminal size of "STDOUT_FILENO"!
2025/02/10 (20:05:59) | ERROR: Couldn't determine terminal size of "/dev/tty"!
2025/02/10 (20:05:59) | ERROR: Couldn't determine terminal size of "STDOUT_FILENO"!
2025/02/10 (20:05:59) | ERROR: Couldn't determine terminal size of "/dev/tty"!
2025/02/10 (20:05:59) | ERROR: Couldn't determine terminal size of "STDOUT_FILENO"!
2025/02/10 (20:05:59) | ERROR: Couldn't determine terminal size of "/dev/tty"!
2025/02/10 (20:05:59) | ERROR: Couldn't determine terminal size of "STDOUT_FILENO"!
2025/02/10 (20:05:59) | ERROR: Couldn't determine terminal size of "/dev/tty"!
2025/02/10 (20:05:59) | ERROR: Couldn't determine terminal size of "STDOUT_FILENO"!
2025/02/10 (20:05:59) | ERROR: Couldn't determine terminal size of "/dev/tty"!
2025/02/10 (20:05:59) | ERROR: Couldn't determine terminal size of "STDOUT_FILENO"!
2025/02/10 (20:05:59) | ERROR: Couldn't determine terminal size of "/dev/tty"!
2025/02/10 (20:05:59) | ERROR: Couldn't determine terminal size of "STDOUT_FILENO"!
2025/02/10 (20:05:59) | ERROR: Couldn't determine terminal size of "/dev/tty"!
2025/02/10 (20:05:59) | ERROR: Couldn't determine terminal size of "STDOUT_FILENO"!
2025/02/10 (20:05:59) | ERROR: Couldn't determine terminal size of "/dev/tty"!
2025/02/10 (20:05:59) | ERROR: Couldn't determine terminal size of "STDOUT_FILENO"!
2025/02/10 (20:05:59) | ERROR: Couldn't determine terminal size of "/dev/tty"!
2025/02/10 (20:05:59) | ERROR: Couldn't determine terminal size of "STDOUT_FILENO"!
2025/02/10 (20:05:59) | ERROR: Couldn't determine terminal size of "/dev/tty"!
2025/02/10 (20:05:59) | ERROR: Couldn't determine terminal size of "STDOUT_FILENO"!
2025/02/10 (20:05:59) | ERROR: Couldn't determine terminal size of "/dev/tty"!
2025/02/10 (20:05:59) | ERROR: Couldn't determine terminal size of "STDOUT_FILENO"!
2025/02/10 (20:05:59) | ERROR: Couldn't determine terminal size of "/dev/tty"!
2025/02/10 (20:05:59) | ERROR: Couldn't determine terminal size of "STDOUT_FILENO"!
2025/02/10 (20:05:59) | ERROR: Couldn't determine terminal size of "/dev/tty"!
2025/02/10 (20:05:59) | ERROR: Couldn't determine terminal size of "STDOUT_FILENO"!
2025/02/10 (20:05:59) | ERROR: Couldn't determine terminal size of "/dev/tty"!
2025/02/10 (20:05:59) | ERROR: Couldn't determine terminal size of "STDOUT_FILENO"!
2025/02/10 (20:05:59) | ERROR: Couldn't determine terminal size of "/dev/tty"!
2025/02/10 (20:05:59) | ERROR: Couldn't determine terminal size of "STDOUT_FILENO"!
2025/02/10 (20:05:59) | ERROR: Couldn't determine terminal size of "/dev/tty"!
2025/02/10 (20:05:59) | ERROR: Couldn't determine terminal size of "STDOUT_FILENO"!
2025/02/10 (20:05:59) | ERROR: Couldn't determine terminal size of "/dev/tty"!
2025/02/10 (20:05:59) | ERROR: Couldn't determine terminal size of "STDOUT_FILENO"!
2025/02/10 (20:05:59) | ERROR: Couldn't determine terminal size of "/dev/tty"!
2025/02/10 (20:05:59) | ERROR: Couldn't determine terminal size of "STDOUT_FILENO"!
2025/02/10 (20:05:59) | ERROR: Couldn't determine terminal size of "/dev/tty"!
2025/02/10 (20:05:59) | ERROR: Couldn't determine terminal size of "STDOUT_FILENO"!
2025/02/10 (20:05:59) | ERROR: Couldn't determine terminal size of "/dev/tty"!
2025/02/10 (20:05:59) | ERROR: Couldn't determine terminal size of "STDOUT_FILENO"!
2025/02/10 (20:05:59) | ERROR: Couldn't determine terminal size of "/dev/tty"!
2025/02/10 (20:05:59) | ERROR: Couldn't determine terminal size of "STDOUT_FILENO"!
2025/02/10 (20:05:59) | ERROR: Couldn't determine terminal size of "/dev/tty"!
2025/02/10 (20:05:59) | ERROR: Couldn't determine terminal size of "STDOUT_FILENO"!
2025/02/10 (20:05:59) | ERROR: Couldn't determine terminal size of "/dev/tty"!
2025/02/10 (20:05:59) | ERROR: Couldn't determine terminal size of "STDOUT_FILENO"!
2025/02/10 (20:05:59) | ERROR: Couldn't determine terminal size of "/dev/tty"!
2025/02/10 (20:05:59) | ERROR: Couldn't determine terminal size of "STDOUT_FILENO"!
2025/02/10 (20:05:59) | ERROR: Couldn't determine terminal size of "/dev/tty"!
2025/02/10 (20:05:59) | ERROR: Couldn't determine terminal size of "STDOUT_FILENO"!
2025/02/10 (20:05:59) | ERROR: Couldn't determine terminal size of "/dev/tty"!
2025/02/10 (20:05:59) | ERROR: Couldn't determine terminal size of "STDOUT_FILENO"!
2025/02/10 (20:05:59) | ERROR: Couldn't determine terminal size of "/dev/tty"!
2025/02/10 (20:05:59) | ERROR: Couldn't determine terminal size of "STDOUT_FILENO"!
2025/02/10 (20:05:59) | ERROR: Couldn't determine terminal size of "/dev/tty"!
2025/02/10 (20:05:59) | ERROR: Couldn't determine terminal size of "STDOUT_FILENO"!
2025/02/10 (20:05:59) | ERROR: Couldn't determine terminal size of "/dev/tty"!
2025/02/10 (20:05:59) | ERROR: Couldn't determine terminal size of "STDOUT_FILENO"!
2025/02/10 (20:05:59) | ERROR: Couldn't determine terminal size of "/dev/tty"!
2025/02/10 (20:05:59) | ERROR: Couldn't determine terminal size of "STDOUT_FILENO"!
2025/02/10 (20:05:59) | ERROR: Couldn't determine terminal size of "/dev/tty"!
2025/02/10 (20:05:59) | ERROR: Couldn't determine terminal size of "STDOUT_FILENO"!
2025/02/10 (20:05:59) | ERROR: Couldn't determine terminal size of "/dev/tty"!
2025/02/10 (20:05:59) | ERROR: Couldn't determine terminal size of "STDOUT_FILENO"!
2025/02/10 (20:05:59) | ERROR: Couldn't determine terminal size of "/dev/tty"!
2025/02/10 (20:05:59) | ERROR: Couldn't determine terminal size of "STDOUT_FILENO"!
2025/02/10 (20:05:59) | ERROR: Couldn't determine terminal size of "/dev/tty"!
2025/02/10 (20:05:59) | ERROR: Couldn't determine terminal size of "STDOUT_FILENO"!
2025/02/10 (20:05:59) | ERROR: Couldn't determine terminal size of "/dev/tty"!
2025/02/10 (20:05:59) | ERROR: Couldn't determine terminal size of "STDOUT_FILENO"!
2025/02/10 (20:05:59) | ERROR: Couldn't determine terminal size of "/dev/tty"!
2025/02/10 (20:05:59) | ERROR: Couldn't determine terminal size of "STDOUT_FILENO"!
2025/02/10 (20:05:59) | ERROR: Couldn't determine terminal size of "/dev/tty"!
2025/02/10 (20:05:59) | ERROR: Couldn't determine terminal size of "STDOUT_FILENO"!
2025/02/10 (20:05:59) | ERROR: Couldn't determine terminal size of "/dev/tty"!
2025/02/10 (20:05:59) | ERROR: Couldn't determine terminal size of "STDOUT_FILENO"!
2025/02/10 (20:05:59) | ERROR: Couldn't determine terminal size of "/dev/tty"!
2025/02/10 (20:05:59) | ERROR: Couldn't determine terminal size of "STDOUT_FILENO"!
2025/02/10 (20:05:59) | ERROR: Couldn't determine terminal size of "/dev/tty"!
2025/02/10 (20:05:59) | ERROR: Couldn't determine terminal size of "STDOUT_FILENO"!
2025/02/10 (20:05:59) | ERROR: Couldn't determine terminal size of "/dev/tty"!
2025/02/10 (20:05:59) | ERROR: Couldn't determine terminal size of "STDOUT_FILENO"!
2025/02/10 (20:05:59) | ERROR: Couldn't determine terminal size of "/dev/tty"!
2025/02/10 (20:05:59) | ERROR: Couldn't determine terminal size of "STDOUT_FILENO"!
2025/02/10 (20:05:59) | ERROR: Couldn't determine terminal size of "/dev/tty"!
2025/02/10 (20:05:59) | ERROR: Couldn't determine terminal size of "STDOUT_FILENO"!
2025/02/10 (20:05:59) | ERROR: Couldn't determine terminal size of "/dev/tty"!
2025/02/10 (20:05:59) | ERROR: Couldn't determine terminal size of "STDOUT_FILENO"!
2025/02/10 (20:05:59) | ERROR: Couldn't determine terminal size of "/dev/tty"!
2025/02/10 (20:05:59) | ERROR: Couldn't determine terminal size of "STDOUT_FILENO"!
2025/02/10 (20:05:59) | ERROR: Couldn't determine terminal size of "/dev/tty"!
2025/02/10 (20:05:59) | ERROR: Couldn't determine terminal size of "STDOUT_FILENO"!
2025/02/10 (20:05:59) | ERROR: Couldn't determine terminal size of "/dev/tty"!
2025/02/10 (20:05:59) | ERROR: Couldn't determine terminal size of "STDOUT_FILENO"!
2025/02/10 (20:05:59) | ERROR: Couldn't determine terminal size of "/dev/tty"!
2025/02/10 (20:05:59) | ERROR: Couldn't determine terminal size of "STDOUT_FILENO"!
2025/02/10 (20:05:59) | ERROR: Couldn't determine terminal size of "/dev/tty"!
2025/02/10 (20:05:59) | ERROR: Couldn't determine terminal size of "STDOUT_FILENO"!
2025/02/10 (20:05:59) | ERROR: Couldn't determine terminal size of "/dev/tty"!
2025/02/10 (20:05:59) | ERROR: Couldn't determine terminal size of "STDOUT_FILENO"!
2025/02/10 (20:05:59) | ERROR: Couldn't determine terminal size of "/dev/tty"!
2025/02/10 (20:05:59) | ERROR: Couldn't determine terminal size of "STDOUT_FILENO"!
2025/02/10 (20:05:59) | ERROR: Couldn't determine terminal size of "/dev/tty"!
2025/02/10 (20:05:59) | ERROR: Couldn't determine terminal size of "STDOUT_FILENO"!
2025/02/10 (20:05:59) | ERROR: Couldn't determine terminal size of "/dev/tty"!
2025/02/10 (20:05:59) | ERROR: Couldn't determine terminal size of "STDOUT_FILENO"!
2025/02/10 (20:05:59) | ERROR: Couldn't determine terminal size of "/dev/tty"!
2025/02/10 (20:05:59) | ERROR: Couldn't determine terminal size of "STDOUT_FILENO"!
2025/02/10 (20:05:59) | ERROR: Couldn't determine terminal size of "/dev/tty"!
2025/02/10 (20:05:59) | ERROR: Couldn't determine terminal size of "STDOUT_FILENO"!
2025/02/10 (20:05:59) | ERROR: Couldn't determine terminal size of "/dev/tty"!
2025/02/10 (20:05:59) | ERROR: Couldn't determine terminal size of "STDOUT_FILENO"!
2025/02/10 (20:05:59) | ERROR: Couldn't determine terminal size of "/dev/tty"!
2025/02/10 (20:05:59) | ERROR: Couldn't determine terminal size of "STDOUT_FILENO"!
2025/02/10 (20:05:59) | ERROR: Couldn't determine terminal size of "/dev/tty"!
2025/02/10 (20:05:59) | ERROR: Couldn't determine terminal size of "STDOUT_FILENO"!
2025/02/10 (20:05:59) | ERROR: Couldn't determine terminal size of "/dev/tty"!
2025/02/10 (20:05:59) | ERROR: Couldn't determine terminal size of "STDOUT_FILENO"!
2025/02/10 (20:05:59) | ERROR: Couldn't determine terminal size of "/dev/tty"!
2025/02/10 (20:05:59) | ERROR: Couldn't determine terminal size of "STDOUT_FILENO"!
2025/02/10 (20:05:59) | ERROR: Couldn't determine terminal size of "/dev/tty"!
2025/02/10 (20:05:59) | ERROR: Couldn't determine terminal size of "STDOUT_FILENO"!
2025/02/10 (20:05:59) | ERROR: Couldn't determine terminal size of "/dev/tty"!
2025/02/10 (20:05:59) | ERROR: Couldn't determine terminal size of "STDOUT_FILENO"!
2025/02/10 (20:05:59) | ERROR: Couldn't determine terminal size of "/dev/tty"!
2025/02/10 (20:05:59) | ERROR: Couldn't determine terminal size of "STDOUT_FILENO"!
2025/02/10 (20:05:59) | ERROR: Couldn't determine terminal size of "/dev/tty"!
2025/02/10 (20:05:59) | ERROR: Failed to get size of terminal!

2025/02/10 (20:06:09) | ===> btop++ v.1.4.0
2025/02/10 (20:06:09) | WARNING: Intel GPU: Failed to initialize PMU

2025/02/14 (14:35:43) | ===> btop++ v.1.4.0
2025/02/14 (14:35:43) | WARNING: Intel GPU: Failed to initialize PMU

2025/02/15 (15:15:54) | ===> btop++ v.1.4.0
2025/02/15 (15:15:54) | WARNING: Intel GPU: Failed to initialize PMU
